<?xml version="1.0" encoding="UTF-8"?>
<!-- Generated by org.testng.reporters.JUnitReportReporter -->
<testsuite skipped="0" hostname="PC05WKPV" name="twitterapi.TwitterGetRequest" tests="2" failures="0" timestamp="24 Nov 2017 19:06:46 GMT" time="3.292" errors="0">
  <testcase name="postTweet" time="2.931" classname="twitterapi.TwitterGetRequest"/>
  <testcase name="readTweet" time="0.361" classname="twitterapi.TwitterGetRequest"/>
</testsuite> <!-- twitterapi.TwitterGetRequest -->
