<?xml version="1.0" encoding="UTF-8"?>
<!-- Generated by org.testng.reporters.JUnitReportReporter -->
<testsuite skipped="0" hostname="PC05WKPV" name="twitterapi.TwitterDeleteTweet" tests="3" failures="0" timestamp="24 Nov 2017 19:20:29 GMT" time="3.425" errors="0">
  <testcase name="postTweet" time="2.775" classname="twitterapi.TwitterDeleteTweet"/>
  <testcase name="readTweet" time="0.346" classname="twitterapi.TwitterDeleteTweet"/>
  <testcase name="deleteTweet" time="0.304" classname="twitterapi.TwitterDeleteTweet"/>
</testsuite> <!-- twitterapi.TwitterDeleteTweet -->
