<?xml version="1.0" encoding="UTF-8"?>
<!-- Generated by org.testng.reporters.JUnitReportReporter -->
<testsuite skipped="0" hostname="PC05WKPV" name="twitterapi.TwitterApiTest" tests="1" failures="0" timestamp="24 Nov 2017 18:30:25 GMT" time="3.468" errors="0">
  <testcase name="postTweet" time="3.468" classname="twitterapi.TwitterApiTest"/>
</testsuite> <!-- twitterapi.TwitterApiTest -->
