<?xml version="1.0" encoding="UTF-8"?>
<!-- Generated by org.testng.reporters.JUnitReportReporter -->
<testsuite skipped="0" hostname="PC05WKPV" name="postRequest.postRequestDemo" tests="1" failures="0" timestamp="16 Oct 2017 02:26:35 GMT" time="3.131" errors="0">
  <testcase name="postRequestStatus" time="3.131" classname="postRequest.postRequestDemo"/>
</testsuite> <!-- postRequest.postRequestDemo -->
