<?xml version="1.0" encoding="UTF-8"?>
<!-- Generated by org.testng.reporters.JUnitReportReporter -->
<testsuite skipped="0" hostname="PC05WKPV" name="getRequest.getData" tests="2" failures="0" timestamp="11 Oct 2017 20:04:46 GMT" time="2.851" errors="0">
  <testcase name="testBody" time="2.489" classname="getRequest.getData"/>
  <testcase name="testResponseCode" time="0.362" classname="getRequest.getData"/>
</testsuite> <!-- getRequest.getData -->
