<?xml version="1.0" encoding="UTF-8"?>
<!-- Generated by org.testng.reporters.JUnitReportReporter -->
<testsuite skipped="0" hostname="PC05WKPV" name="getRequest.getRequestDemoBDD" tests="2" failures="0" timestamp="15 Oct 2017 03:44:47 GMT" time="3.405" errors="0">
  <testcase name="statusCodeVerification" time="0.525" classname="getRequest.getRequestDemoBDD"/>
  <testcase name="getResponseBody" time="2.880" classname="getRequest.getRequestDemoBDD"/>
</testsuite> <!-- getRequest.getRequestDemoBDD -->
